app/build/intermediates/manifest_merge_blame_file/debug/manifest-merger-blame-debug-report.txt
1<?xml version="1.0" encoding="utf-8"?>
2<manifest xmlns:android="http://schemas.android.com/apk/res/android"
3    package="cn.edu.hit"
4    android:versionCode="1"
5    android:versionName="1.0" >
6
7    <uses-sdk
8        android:minSdkVersion="16"
8-->src/main/AndroidManifest.xml
9        android:targetSdkVersion="30" />
9-->src/main/AndroidManifest.xml
10
11    <uses-permission android:name="android.permission.INTERNET" />
11-->src/main/AndroidManifest.xml:4:5-67
11-->src/main/AndroidManifest.xml:4:22-64
12
13    <application
13-->src/main/AndroidManifest.xml:6:5-38:19
14        android:allowBackup="true"
14-->src/main/AndroidManifest.xml:7:9-35
15        android:appComponentFactory="androidx.core.app.CoreComponentFactory"
15-->[androidx.core:core:1.5.0] AndroidManifest.xml:24:18-86
16        android:debuggable="true"
17        android:icon="@mipmap/ic_launcher"
17-->src/main/AndroidManifest.xml:8:9-43
18        android:label="@string/app_name"
18-->src/main/AndroidManifest.xml:9:9-41
19        android:roundIcon="@mipmap/ic_launcher_round"
19-->src/main/AndroidManifest.xml:10:9-54
20        android:supportsRtl="true"
20-->src/main/AndroidManifest.xml:11:9-35
21        android:testOnly="true"
22        android:theme="@style/Theme.AircraftWar"
22-->src/main/AndroidManifest.xml:12:9-49
23        android:usesCleartextTraffic="true" >
23-->src/main/AndroidManifest.xml:13:9-44
24        <service
24-->src/main/AndroidManifest.xml:15:9-18:47
25            android:name="cn.edu.hit.application.MusicService"
25-->src/main/AndroidManifest.xml:16:13-53
26            android:enabled="true"
26-->src/main/AndroidManifest.xml:17:13-35
27            android:exported="true" />
27-->src/main/AndroidManifest.xml:18:13-36
28
29        <activity android:name="cn.edu.hit.activity.RankActivity" />
29-->src/main/AndroidManifest.xml:20:9-59
29-->src/main/AndroidManifest.xml:20:19-56
30        <activity android:name="cn.edu.hit.activity.GameActivity" >
30-->src/main/AndroidManifest.xml:21:9-30:20
30-->src/main/AndroidManifest.xml:21:19-56
31
32            <!--
33            <intent-filter>
34                <action android:name="android.intent.action.MAIN" />
35
36                <category android:name="android.intent.category.LAUNCHER" />
37            </intent-filter>
38            -->
39        </activity>
40        <activity android:name="cn.edu.hit.activity.MenuActivity" >
40-->src/main/AndroidManifest.xml:31:9-37:20
40-->src/main/AndroidManifest.xml:31:19-56
41            <intent-filter>
41-->src/main/AndroidManifest.xml:32:13-36:29
42                <action android:name="android.intent.action.MAIN" />
42-->src/main/AndroidManifest.xml:33:17-69
42-->src/main/AndroidManifest.xml:33:25-66
43
44                <category android:name="android.intent.category.LAUNCHER" />
44-->src/main/AndroidManifest.xml:35:17-77
44-->src/main/AndroidManifest.xml:35:27-74
45            </intent-filter>
46        </activity>
47    </application>
48
49</manifest>